mode: set
microservice/main.go:30.13,33.16 2 0
microservice/main.go:33.16,36.3 2 0
microservice/main.go:38.2,69.16 24 0
microservice/main.go:69.16,71.3 1 0
microservice/docs/docs.go:34.13,36.2 1 0
microservice/database/database.go:9.43,11.16 2 0
microservice/database/database.go:11.16,13.3 1 0
microservice/database/database.go:14.2,15.16 2 0
microservice/database/database.go:15.16,17.3 1 0
microservice/database/database.go:18.2,18.16 1 0
microservice/handler/task/main.go:23.30,25.2 1 1
microservice/handler/task/main.go:38.67,40.16 2 1
microservice/handler/task/main.go:40.16,43.3 2 0
microservice/handler/task/main.go:45.2,47.16 3 1
microservice/handler/task/main.go:47.16,50.3 2 0
microservice/handler/task/main.go:52.2,54.16 2 1
microservice/handler/task/main.go:54.16,57.3 2 1
microservice/handler/task/main.go:59.2,64.16 3 1
microservice/handler/task/main.go:64.16,67.3 2 0
microservice/handler/task/main.go:69.2,71.16 3 1
microservice/handler/task/main.go:71.16,74.3 2 0
microservice/handler/task/main.go:87.71,90.16 3 1
microservice/handler/task/main.go:90.16,93.3 2 0
microservice/handler/task/main.go:94.2,96.16 3 1
microservice/handler/task/main.go:96.16,99.3 2 1
microservice/handler/task/main.go:100.2,101.16 2 1
microservice/handler/task/main.go:101.16,104.3 2 0
microservice/handler/task/main.go:105.2,108.16 4 1
microservice/handler/task/main.go:108.16,111.3 2 0
microservice/handler/task/main.go:122.70,124.16 2 1
microservice/handler/task/main.go:124.16,127.3 2 1
microservice/handler/task/main.go:128.2,129.16 2 1
microservice/handler/task/main.go:129.16,132.3 2 0
microservice/handler/task/main.go:133.2,136.16 4 1
microservice/handler/task/main.go:136.16,139.3 2 0
microservice/handler/task/main.go:151.70,154.16 3 1
microservice/handler/task/main.go:154.16,157.3 2 0
microservice/handler/task/main.go:158.2,159.16 2 1
microservice/handler/task/main.go:159.16,162.3 2 1
microservice/handler/task/main.go:163.2,168.16 6 1
microservice/handler/task/main.go:168.16,171.3 2 0
microservice/handler/task/main.go:183.72,186.16 3 1
microservice/handler/task/main.go:186.16,189.3 2 0
microservice/handler/task/main.go:190.2,191.16 2 1
microservice/handler/task/main.go:191.16,194.3 2 1
microservice/handler/task/main.go:195.2,200.16 6 1
microservice/handler/task/main.go:200.16,203.3 2 0
microservice/handler/task/mockstore.go:15.67,18.2 1 1
microservice/handler/task/mockstore.go:19.62,21.2 1 1
microservice/handler/task/mockstore.go:22.68,25.2 1 1
microservice/handler/task/mockstore.go:26.56,28.2 1 1
microservice/handler/task/mockstore.go:30.58,32.2 1 1
microservice/handler/user/handler.go:16.30,18.2 1 1
microservice/handler/user/handler.go:20.67,22.16 2 1
microservice/handler/user/handler.go:22.16,25.3 2 0
microservice/handler/user/handler.go:27.2,29.16 3 1
microservice/handler/user/handler.go:29.16,32.3 2 0
microservice/handler/user/handler.go:34.2,35.16 2 1
microservice/handler/user/handler.go:35.16,38.3 2 1
microservice/handler/user/handler.go:40.2,42.16 3 1
microservice/handler/user/handler.go:42.16,45.3 2 0
microservice/handler/user/handler.go:46.2,49.16 4 1
microservice/handler/user/handler.go:49.16,52.3 2 0
microservice/handler/user/handler.go:55.71,58.16 3 1
microservice/handler/user/handler.go:58.16,61.3 2 0
microservice/handler/user/handler.go:63.2,64.16 2 1
microservice/handler/user/handler.go:64.16,67.3 2 1
microservice/handler/user/handler.go:69.2,70.16 2 1
microservice/handler/user/handler.go:70.16,73.3 2 0
microservice/handler/user/handler.go:74.2,77.16 4 1
microservice/handler/user/handler.go:77.16,80.3 2 0
microservice/handler/user/handler.go:83.71,85.16 2 1
microservice/handler/user/handler.go:85.16,88.3 2 1
microservice/handler/user/handler.go:90.2,91.16 2 1
microservice/handler/user/handler.go:91.16,94.3 2 0
microservice/handler/user/handler.go:95.2,98.16 4 1
microservice/handler/user/handler.go:98.16,101.3 2 0
microservice/handler/user/handler.go:104.74,106.16 2 1
microservice/handler/user/handler.go:106.16,109.3 2 1
microservice/handler/user/handler.go:111.2,113.16 3 1
microservice/handler/user/handler.go:113.16,116.3 2 0
microservice/handler/user/handler.go:117.2,120.16 4 1
microservice/handler/user/handler.go:120.16,123.3 2 0
microservice/handler/user/handler.go:126.74,129.16 3 1
microservice/handler/user/handler.go:129.16,132.3 2 0
microservice/handler/user/handler.go:134.2,135.16 2 1
microservice/handler/user/handler.go:135.16,138.3 2 1
microservice/handler/user/handler.go:140.2,142.16 3 1
microservice/handler/user/handler.go:142.16,145.3 2 0
microservice/handler/user/handler.go:146.2,149.16 4 1
microservice/handler/user/handler.go:149.16,152.3 2 0
microservice/handler/user/mockstore.go:15.66,18.2 1 1
microservice/handler/user/mockstore.go:19.66,22.2 1 1
microservice/handler/user/mockstore.go:24.61,26.2 1 1
microservice/handler/user/mockstore.go:28.54,30.2 1 1
microservice/handler/user/mockstore.go:32.60,34.2 1 1
microservice/service/task/mock_store.go:13.67,15.2 1 1
microservice/service/task/mock_store.go:16.68,18.2 1 1
microservice/service/task/mock_store.go:19.62,21.2 1 1
microservice/service/task/mock_store.go:23.56,25.2 1 1
microservice/service/task/mock_store.go:27.58,29.2 1 1
microservice/service/task/task.go:24.28,28.2 1 1
microservice/service/task/task.go:30.64,31.36 1 1
microservice/service/task/task.go:31.36,33.3 1 0
microservice/service/task/task.go:34.2,34.29 1 1
microservice/service/task/task.go:37.59,39.16 2 1
microservice/service/task/task.go:39.16,41.3 1 1
microservice/service/task/task.go:42.2,43.26 2 1
microservice/service/task/task.go:43.26,44.19 1 1
microservice/service/task/task.go:44.19,46.4 1 1
microservice/service/task/task.go:49.2,49.22 1 1
microservice/service/task/task.go:52.65,53.13 1 1
microservice/service/task/task.go:53.13,55.3 1 0
microservice/service/task/task.go:56.2,56.32 1 1
microservice/service/task/task.go:59.54,60.13 1 1
microservice/service/task/task.go:60.13,62.3 1 0
microservice/service/task/task.go:63.2,63.31 1 1
microservice/service/task/task.go:66.56,67.13 1 1
microservice/service/task/task.go:67.13,69.3 1 0
microservice/service/task/task.go:70.2,70.33 1 1
microservice/store/user/user.go:13.29,15.2 1 1
microservice/store/user/user.go:17.63,22.16 2 1
microservice/store/user/user.go:22.16,24.3 1 1
microservice/store/user/user.go:25.2,25.42 1 1
microservice/store/user/user.go:28.63,33.16 4 1
microservice/store/user/user.go:33.16,35.3 1 1
microservice/store/user/user.go:36.2,36.16 1 1
microservice/store/user/user.go:39.58,42.16 3 1
microservice/store/user/user.go:42.16,44.3 1 0
microservice/store/user/user.go:46.2,46.18 1 1
microservice/store/user/user.go:46.18,49.17 3 1
microservice/store/user/user.go:49.17,51.4 1 0
microservice/store/user/user.go:52.3,52.33 1 1
microservice/store/user/user.go:54.2,54.22 1 1
microservice/store/user/user.go:57.50,59.16 2 1
microservice/store/user/user.go:59.16,61.3 1 0
microservice/store/user/user.go:63.2,64.16 2 1
microservice/store/user/user.go:64.16,66.3 1 0
microservice/store/user/user.go:67.2,67.23 1 1
microservice/store/user/user.go:67.23,69.3 1 1
microservice/store/user/user.go:71.2,71.46 1 1
microservice/store/user/user.go:73.56,75.16 2 1
microservice/store/user/user.go:75.16,77.3 1 0
microservice/store/user/user.go:79.2,80.16 2 1
microservice/store/user/user.go:80.16,82.3 1 0
microservice/store/user/user.go:83.2,83.23 1 1
microservice/store/user/user.go:83.23,85.3 1 0
microservice/store/user/user.go:87.2,87.41 1 1
microservice/service/user/mock_store.go:15.66,18.2 1 1
microservice/service/user/mock_store.go:19.66,22.2 1 1
microservice/service/user/mock_store.go:24.61,26.2 1 1
microservice/service/user/mock_store.go:28.54,30.2 1 1
microservice/service/user/mock_store.go:32.60,34.2 1 1
microservice/service/user/user.go:12.28,14.2 1 1
microservice/service/user/user.go:16.65,17.52 1 1
microservice/service/user/user.go:17.52,19.3 1 0
microservice/service/user/user.go:20.2,20.30 1 1
microservice/service/user/user.go:23.65,24.13 1 1
microservice/service/user/user.go:24.13,26.3 1 0
microservice/service/user/user.go:27.2,27.32 1 1
microservice/service/user/user.go:30.60,32.2 1 1
microservice/service/user/user.go:34.52,36.2 1 1
microservice/service/user/user.go:38.58,39.13 1 1
microservice/service/user/user.go:39.13,41.3 1 0
microservice/service/user/user.go:42.2,42.35 1 1
microservice/store/task/task.go:20.29,22.2 1 1
microservice/store/task/task.go:24.62,27.16 3 1
microservice/store/task/task.go:27.16,29.3 1 1
microservice/store/task/task.go:30.2,30.42 1 1
microservice/store/task/task.go:33.63,38.16 4 1
microservice/store/task/task.go:38.16,40.3 1 1
microservice/store/task/task.go:41.2,41.16 1 1
microservice/store/task/task.go:44.57,47.16 3 1
microservice/store/task/task.go:47.16,49.3 1 0
microservice/store/task/task.go:50.2,50.21 1 1
microservice/store/task/task.go:50.21,53.17 3 1
microservice/store/task/task.go:53.17,55.4 1 1
microservice/store/task/task.go:56.3,56.31 1 1
microservice/store/task/task.go:58.2,58.21 1 1
microservice/store/task/task.go:62.52,65.16 2 1
microservice/store/task/task.go:65.16,67.3 1 0
microservice/store/task/task.go:68.2,69.16 2 1
microservice/store/task/task.go:69.16,71.3 1 0
microservice/store/task/task.go:72.2,72.23 1 1
microservice/store/task/task.go:72.23,74.3 1 1
microservice/store/task/task.go:75.2,75.41 1 1
microservice/store/task/task.go:78.54,81.16 3 1
microservice/store/task/task.go:81.16,83.3 1 0
microservice/store/task/task.go:85.2,86.16 2 1
microservice/store/task/task.go:86.16,88.3 1 1
microservice/store/task/task.go:89.2,89.23 1 1
microservice/store/task/task.go:89.23,91.3 1 0
microservice/store/task/task.go:93.2,93.43 1 1
