mode: set
microservice/service/user/mock_gen_interface.go:32.55,36.2 3 1
microservice/service/user/mock_gen_interface.go:39.53,41.2 1 1
microservice/service/user/mock_gen_interface.go:44.54,50.2 5 1
microservice/service/user/mock_gen_interface.go:53.64,56.2 2 1
microservice/service/user/mock_gen_interface.go:59.60,65.2 5 1
microservice/service/user/mock_gen_interface.go:68.70,71.2 2 1
microservice/service/user/mock_gen_interface.go:74.56,80.2 5 1
microservice/service/user/mock_gen_interface.go:83.61,86.2 2 1
microservice/service/user/mock_gen_interface.go:89.61,95.2 5 1
microservice/service/user/mock_gen_interface.go:98.67,101.2 2 1
microservice/service/user/mock_gen_interface.go:104.61,110.2 5 1
microservice/service/user/mock_gen_interface.go:113.65,116.2 2 1
microservice/service/user/mock_store.go:15.66,18.2 1 0
microservice/service/user/mock_store.go:19.66,22.2 1 0
microservice/service/user/mock_store.go:24.61,26.2 1 0
microservice/service/user/mock_store.go:28.54,30.2 1 0
microservice/service/user/mock_store.go:32.60,34.2 1 0
microservice/service/user/user.go:12.28,14.2 1 1
microservice/service/user/user.go:16.65,17.52 1 1
microservice/service/user/user.go:17.52,19.3 1 1
microservice/service/user/user.go:20.2,20.30 1 1
microservice/service/user/user.go:23.65,24.13 1 1
microservice/service/user/user.go:24.13,26.3 1 1
microservice/service/user/user.go:27.2,27.32 1 1
microservice/service/user/user.go:30.60,32.16 2 1
microservice/service/user/user.go:32.16,34.3 1 0
microservice/service/user/user.go:36.2,37.26 2 1
microservice/service/user/user.go:37.26,38.53 1 1
microservice/service/user/user.go:38.53,40.4 1 1
microservice/service/user/user.go:42.2,42.22 1 1
microservice/service/user/user.go:45.52,47.2 1 1
microservice/service/user/user.go:49.58,50.13 1 1
microservice/service/user/user.go:50.13,52.3 1 1
microservice/service/user/user.go:53.2,53.35 1 1
